[0.011s] Invoking command in '/docker-ros/ws/src/target/build/carla_its_converter': CMAKE_PREFIX_PATH=/opt/ros/humble /usr/bin/cmake /docker-ros/ws/src/target -DCMAKE_INSTALL_PREFIX=/docker-ros/ws/src/target/install/carla_its_converter
[0.092s] -- The C compiler identification is GNU 11.4.0
[0.163s] -- The CXX compiler identification is GNU 11.4.0
[0.173s] -- Detecting C compiler ABI info
[0.248s] -- Detecting C compiler ABI info - done
[0.257s] -- Check for working C compiler: /usr/bin/cc - skipped
[0.258s] -- Detecting C compile features
[0.258s] -- Detecting C compile features - done
[0.261s] -- Detecting CXX compiler ABI info
[0.338s] -- Detecting CXX compiler ABI info - done
[0.349s] -- Check for working CXX compiler: /usr/bin/c++ - skipped
[0.349s] -- Detecting CXX compile features
[0.349s] -- Detecting CXX compile features - done
[0.356s] -- Found ament_cmake: 1.3.5 (/opt/ros/humble/share/ament_cmake/cmake)
[0.495s] -- Found Python3: /usr/bin/python3.10 (found version "3.10.12") found components: Interpreter 
[0.578s] -- Found derived_object_msgs: 4.0.0 (/opt/ros/humble/share/derived_object_msgs/cmake)
[0.614s] -- Found rosidl_generator_c: 3.1.5 (/opt/ros/humble/share/rosidl_generator_c/cmake)
[0.618s] -- Found rosidl_adapter: 3.1.5 (/opt/ros/humble/share/rosidl_adapter/cmake)
[0.627s] -- Found rosidl_generator_cpp: 3.1.5 (/opt/ros/humble/share/rosidl_generator_cpp/cmake)
[0.642s] -- Using all available rosidl_typesupport_c: rosidl_typesupport_fastrtps_c;rosidl_typesupport_introspection_c
[0.661s] -- Using all available rosidl_typesupport_cpp: rosidl_typesupport_fastrtps_cpp;rosidl_typesupport_introspection_cpp
[0.925s] -- Found nav_msgs: 4.2.3 (/opt/ros/humble/share/nav_msgs/cmake)
[1.002s] -- Found rclcpp: 16.0.5 (/opt/ros/humble/share/rclcpp/cmake)
[1.061s] -- Found rmw_implementation_cmake: 6.1.1 (/opt/ros/humble/share/rmw_implementation_cmake/cmake)
[1.065s] -- Found rmw_cyclonedds_cpp: 1.3.4 (/opt/ros/humble/share/rmw_cyclonedds_cpp/cmake)
[1.102s] -- Using RMW implementation 'rmw_cyclonedds_cpp' as default
[1.111s] -- Looking for pthread.h
[1.183s] -- Looking for pthread.h - found
[1.183s] -- Performing Test CMAKE_HAVE_LIBC_PTHREAD
[1.261s] -- Performing Test CMAKE_HAVE_LIBC_PTHREAD - Success
[1.262s] -- Found Threads: TRUE  
[1.387s] -- Found sensor_msgs: 4.2.3 (/opt/ros/humble/share/sensor_msgs/cmake)
[1.467s] -- Found tf2: 0.25.3 (/opt/ros/humble/share/tf2/cmake)
[1.480s] -- Found tf2_geometry_msgs: 0.25.3 (/opt/ros/humble/share/tf2_geometry_msgs/cmake)
[1.491s] -- Found eigen3_cmake_module: 0.1.1 (/opt/ros/humble/share/eigen3_cmake_module/cmake)
[1.492s] -- Found Eigen3: TRUE (found version "3.4.0") 
[1.492s] -- Ensuring Eigen3 include directory is part of orocos-kdl CMake target
[1.819s] [31mCMake Error at CMakeLists.txt:44 (find_package):
[1.819s]   By not providing "Findtf2_perception_msgs.cmake" in CMAKE_MODULE_PATH this
[1.819s]   project has asked CMake to find a package configuration file provided by
[1.819s]   "tf2_perception_msgs", but CMake did not find one.
[1.820s] 
[1.820s]   Could not find a package configuration file provided by
[1.820s]   "tf2_perception_msgs" with any of the following names:
[1.820s] 
[1.820s]     tf2_perception_msgsConfig.cmake
[1.820s]     tf2_perception_msgs-config.cmake
[1.820s] 
[1.820s]   Add the installation prefix of "tf2_perception_msgs" to CMAKE_PREFIX_PATH
[1.820s]   or set "tf2_perception_msgs_DIR" to a directory containing one of the above
[1.820s]   files.  If "tf2_perception_msgs" provides a separate development package or
[1.820s]   SDK, be sure it has been installed.
[1.820s] 
[1.821s] [0m
[1.821s] -- Configuring incomplete, errors occurred!
[1.821s] See also "/docker-ros/ws/src/target/build/carla_its_converter/CMakeFiles/CMakeOutput.log".
[1.825s] Invoked command in '/docker-ros/ws/src/target/build/carla_its_converter' returned '1': CMAKE_PREFIX_PATH=/opt/ros/humble /usr/bin/cmake /docker-ros/ws/src/target -DCMAKE_INSTALL_PREFIX=/docker-ros/ws/src/target/install/carla_its_converter
