[0.229s] DEBUG:colcon:Command line arguments: ['/usr/bin/colcon', 'build']
[0.229s] DEBUG:colcon:Parsed command line arguments: Namespace(log_base=None, log_level=None, verb_name='build', build_base='build', install_base='install', merge_install=False, symlink_install=False, test_result_base=None, continue_on_error=False, executor='parallel', parallel_workers=48, event_handlers=None, ignore_user_meta=False, metas=['./colcon.meta'], base_paths=['.'], packages_ignore=None, packages_ignore_regex=None, paths=None, packages_up_to=None, packages_up_to_regex=None, packages_above=None, packages_above_and_dependencies=None, packages_above_depth=None, packages_select_by_dep=None, packages_skip_by_dep=None, packages_skip_up_to=None, packages_select_build_failed=False, packages_skip_build_finished=False, packages_select_test_failures=False, packages_skip_test_passed=False, packages_select=None, packages_skip=None, packages_select_regex=None, packages_skip_regex=None, packages_start=None, packages_end=None, allow_overriding=[], cmake_args=None, cmake_target=None, cmake_target_skip_unavailable=False, cmake_clean_cache=False, cmake_clean_first=False, cmake_force_configure=False, ament_cmake_args=None, catkin_cmake_args=None, catkin_skip_building_tests=False, verb_parser=<colcon_defaults.argument_parser.defaults.DefaultArgumentsDecorator object at 0x7f67fc52af80>, verb_extension=<colcon_core.verb.build.BuildVerb object at 0x7f67fc69bc10>, main=<bound method BuildVerb.main of <colcon_core.verb.build.BuildVerb object at 0x7f67fc69bc10>>)
[0.253s] Level 1:colcon.colcon_core.package_discovery:discover_packages(colcon_meta) check parameters
[0.253s] Level 1:colcon.colcon_core.package_discovery:discover_packages(recursive) check parameters
[0.253s] Level 1:colcon.colcon_core.package_discovery:discover_packages(ignore) check parameters
[0.253s] Level 1:colcon.colcon_core.package_discovery:discover_packages(path) check parameters
[0.253s] Level 1:colcon.colcon_core.package_discovery:discover_packages(colcon_meta) discover
[0.253s] Level 1:colcon.colcon_core.package_discovery:discover_packages(recursive) discover
[0.253s] INFO:colcon.colcon_core.package_discovery:Crawling recursively for packages in '/docker-ros/ws/src/target'
[0.253s] Level 1:colcon.colcon_core.package_identification:_identify(.) by extensions ['ignore', 'ignore_ament_install']
[0.253s] Level 1:colcon.colcon_core.package_identification:_identify(.) by extension 'ignore'
[0.253s] Level 1:colcon.colcon_core.package_identification:_identify(.) by extension 'ignore_ament_install'
[0.253s] Level 1:colcon.colcon_core.package_identification:_identify(.) by extensions ['colcon_pkg']
[0.253s] Level 1:colcon.colcon_core.package_identification:_identify(.) by extension 'colcon_pkg'
[0.253s] Level 1:colcon.colcon_core.package_identification:_identify(.) by extensions ['colcon_meta']
[0.253s] Level 1:colcon.colcon_core.package_identification:_identify(.) by extension 'colcon_meta'
[0.253s] Level 1:colcon.colcon_core.package_identification:_identify(.) by extensions ['ros']
[0.253s] Level 1:colcon.colcon_core.package_identification:_identify(.) by extension 'ros'
[0.270s] DEBUG:colcon.colcon_core.package_identification:Package '.' with type 'ros.ament_cmake' and name 'carla_its_converter'
[0.270s] Level 1:colcon.colcon_core.package_discovery:discover_packages(recursive) using defaults
[0.270s] Level 1:colcon.colcon_core.package_discovery:discover_packages(ignore) discover
[0.270s] Level 1:colcon.colcon_core.package_discovery:discover_packages(ignore) using defaults
[0.270s] Level 1:colcon.colcon_core.package_discovery:discover_packages(path) discover
[0.270s] Level 1:colcon.colcon_core.package_discovery:discover_packages(path) using defaults
[0.288s] Level 1:colcon.colcon_core.package_discovery:discover_packages(prefix_path) check parameters
[0.288s] Level 1:colcon.colcon_core.package_discovery:discover_packages(prefix_path) discover
[0.291s] DEBUG:colcon.colcon_installed_package_information.package_discovery:Found 198 installed packages in /opt/ros/humble
[0.292s] Level 1:colcon.colcon_core.package_discovery:discover_packages(prefix_path) using defaults
[0.328s] Level 5:colcon.colcon_core.verb:set package 'carla_its_converter' build argument 'cmake_args' from command line to 'None'
[0.328s] Level 5:colcon.colcon_core.verb:set package 'carla_its_converter' build argument 'cmake_target' from command line to 'None'
[0.328s] Level 5:colcon.colcon_core.verb:set package 'carla_its_converter' build argument 'cmake_target_skip_unavailable' from command line to 'False'
[0.328s] Level 5:colcon.colcon_core.verb:set package 'carla_its_converter' build argument 'cmake_clean_cache' from command line to 'False'
[0.328s] Level 5:colcon.colcon_core.verb:set package 'carla_its_converter' build argument 'cmake_clean_first' from command line to 'False'
[0.328s] Level 5:colcon.colcon_core.verb:set package 'carla_its_converter' build argument 'cmake_force_configure' from command line to 'False'
[0.328s] Level 5:colcon.colcon_core.verb:set package 'carla_its_converter' build argument 'ament_cmake_args' from command line to 'None'
[0.328s] Level 5:colcon.colcon_core.verb:set package 'carla_its_converter' build argument 'catkin_cmake_args' from command line to 'None'
[0.328s] Level 5:colcon.colcon_core.verb:set package 'carla_its_converter' build argument 'catkin_skip_building_tests' from command line to 'False'
[0.328s] DEBUG:colcon.colcon_core.verb:Building package 'carla_its_converter' with the following arguments: {'ament_cmake_args': None, 'build_base': '/docker-ros/ws/src/target/build/carla_its_converter', 'catkin_cmake_args': None, 'catkin_skip_building_tests': False, 'cmake_args': None, 'cmake_clean_cache': False, 'cmake_clean_first': False, 'cmake_force_configure': False, 'cmake_target': None, 'cmake_target_skip_unavailable': False, 'install_base': '/docker-ros/ws/src/target/install/carla_its_converter', 'merge_install': False, 'path': '/docker-ros/ws/src/target', 'symlink_install': False, 'test_result_base': None}
[0.329s] INFO:colcon.colcon_core.executor:Executing jobs using 'parallel' executor
[0.331s] DEBUG:colcon.colcon_parallel_executor.executor.parallel:run_until_complete
[0.332s] INFO:colcon.colcon_ros.task.ament_cmake.build:Building ROS package in '/docker-ros/ws/src/target' with build type 'ament_cmake'
[0.332s] INFO:colcon.colcon_cmake.task.cmake.build:Building CMake package in '/docker-ros/ws/src/target'
[0.336s] INFO:colcon.colcon_core.plugin_system:Skipping extension 'colcon_core.shell.bat': Not used on non-Windows systems
[0.336s] INFO:colcon.colcon_core.shell:Skip shell extension 'powershell' for command environment: Not usable outside of PowerShell
[0.336s] DEBUG:colcon.colcon_core.shell:Skip shell extension 'dsv' for command environment
[0.343s] DEBUG:colcon.colcon_core.event_handler.log_command:Invoking command in '/docker-ros/ws/src/target/build/carla_its_converter': CMAKE_PREFIX_PATH=/opt/ros/humble /usr/bin/cmake /docker-ros/ws/src/target -DCMAKE_INSTALL_PREFIX=/docker-ros/ws/src/target/install/carla_its_converter
[2.157s] DEBUG:colcon.colcon_core.event_handler.log_command:Invoked command in '/docker-ros/ws/src/target/build/carla_its_converter' returned '1': CMAKE_PREFIX_PATH=/opt/ros/humble /usr/bin/cmake /docker-ros/ws/src/target -DCMAKE_INSTALL_PREFIX=/docker-ros/ws/src/target/install/carla_its_converter
[2.168s] Level 1:colcon.colcon_core.environment:create_environment_scripts_only(carla_its_converter)
[2.176s] Level 1:colcon.colcon_core.environment:checking '/docker-ros/ws/src/target/install/carla_its_converter' for CMake module files
[2.176s] Level 1:colcon.colcon_core.environment:checking '/docker-ros/ws/src/target/install/carla_its_converter' for CMake config files
[2.176s] Level 1:colcon.colcon_core.environment:checking '/docker-ros/ws/src/target/install/carla_its_converter/bin'
[2.176s] Level 1:colcon.colcon_core.environment:checking '/docker-ros/ws/src/target/install/carla_its_converter/lib/pkgconfig/carla_its_converter.pc'
[2.176s] Level 1:colcon.colcon_core.environment:checking '/docker-ros/ws/src/target/install/carla_its_converter/lib/python3.10/site-packages'
[2.177s] Level 1:colcon.colcon_core.environment:checking '/docker-ros/ws/src/target/install/carla_its_converter/bin'
[2.178s] INFO:colcon.colcon_core.shell:Creating package script '/docker-ros/ws/src/target/install/carla_its_converter/share/carla_its_converter/package.ps1'
[2.178s] INFO:colcon.colcon_core.shell:Creating package descriptor '/docker-ros/ws/src/target/install/carla_its_converter/share/carla_its_converter/package.dsv'
[2.179s] INFO:colcon.colcon_core.shell:Creating package script '/docker-ros/ws/src/target/install/carla_its_converter/share/carla_its_converter/package.sh'
[2.179s] INFO:colcon.colcon_core.shell:Creating package script '/docker-ros/ws/src/target/install/carla_its_converter/share/carla_its_converter/package.bash'
[2.180s] INFO:colcon.colcon_core.shell:Creating package script '/docker-ros/ws/src/target/install/carla_its_converter/share/carla_its_converter/package.zsh'
[2.180s] Level 1:colcon.colcon_core.environment:create_file_with_runtime_dependencies(/docker-ros/ws/src/target/install/carla_its_converter/share/colcon-core/packages/carla_its_converter)
[2.191s] DEBUG:colcon.colcon_parallel_executor.executor.parallel:closing loop
[2.191s] DEBUG:colcon.colcon_parallel_executor.executor.parallel:loop closed
[2.191s] DEBUG:colcon.colcon_parallel_executor.executor.parallel:run_until_complete finished with '1'
[2.191s] DEBUG:colcon.colcon_core.event_reactor:joining thread
[2.200s] INFO:colcon.colcon_core.plugin_system:Skipping extension 'colcon_notification.desktop_notification.notify_send': Could not find 'notify-send'
[2.200s] INFO:colcon.colcon_core.plugin_system:Skipping extension 'colcon_notification.desktop_notification.terminal_notifier': Not used on non-Darwin systems
[2.200s] INFO:colcon.colcon_core.plugin_system:Skipping extension 'colcon_notification.desktop_notification.win32': Not used on non-Windows systems
[2.200s] INFO:colcon.colcon_notification.desktop_notification:Sending desktop notification using 'notify2'
[2.204s] DEBUG:colcon.colcon_notification.desktop_notification.notify2:Failed to initialize notify2: org.freedesktop.DBus.Error.Spawn.ExecFailed: /usr/bin/dbus-launch terminated abnormally without any error message
[2.204s] DEBUG:colcon.colcon_core.event_reactor:joined thread
[2.206s] INFO:colcon.colcon_core.shell:Creating prefix script '/docker-ros/ws/src/target/install/local_setup.ps1'
[2.208s] INFO:colcon.colcon_core.shell:Creating prefix util module '/docker-ros/ws/src/target/install/_local_setup_util_ps1.py'
[2.210s] INFO:colcon.colcon_core.shell:Creating prefix chain script '/docker-ros/ws/src/target/install/setup.ps1'
[2.212s] INFO:colcon.colcon_core.shell:Creating prefix script '/docker-ros/ws/src/target/install/local_setup.sh'
[2.213s] INFO:colcon.colcon_core.shell:Creating prefix util module '/docker-ros/ws/src/target/install/_local_setup_util_sh.py'
[2.214s] INFO:colcon.colcon_core.shell:Creating prefix chain script '/docker-ros/ws/src/target/install/setup.sh'
[2.216s] INFO:colcon.colcon_core.shell:Creating prefix script '/docker-ros/ws/src/target/install/local_setup.bash'
[2.216s] INFO:colcon.colcon_core.shell:Creating prefix chain script '/docker-ros/ws/src/target/install/setup.bash'
[2.217s] INFO:colcon.colcon_core.shell:Creating prefix script '/docker-ros/ws/src/target/install/local_setup.zsh'
[2.218s] INFO:colcon.colcon_core.shell:Creating prefix chain script '/docker-ros/ws/src/target/install/setup.zsh'
